2018/06/28 09:38:14 [error] 5#0: *1 client intended to send too large body: 1192684 bytes, client: 172.25.0.1, server: example.org, request: "POST /interface/ HTTP/1.1", host: "localhost", referrer: "http://localhost/transaction"
2018/06/28 09:46:42 [emerg] 1#0: unknown directive "client_max_body_size    " in /etc/nginx/nginx.conf:29
2018/06/28 09:46:44 [emerg] 1#0: unknown directive "client_max_body_size    " in /etc/nginx/nginx.conf:29
2018/06/28 09:46:45 [emerg] 1#0: unknown directive "client_max_body_size    " in /etc/nginx/nginx.conf:29
2018/06/28 09:46:46 [emerg] 1#0: unknown directive "client_max_body_size    " in /etc/nginx/nginx.conf:29
2018/06/28 09:46:48 [emerg] 1#0: unknown directive "client_max_body_size    " in /etc/nginx/nginx.conf:29
2018/06/28 09:46:50 [emerg] 1#0: unknown directive "client_max_body_size    " in /etc/nginx/nginx.conf:29
2018/06/28 09:46:54 [emerg] 1#0: unknown directive "client_max_body_size    " in /etc/nginx/nginx.conf:29
2018/06/28 09:47:01 [emerg] 1#0: unknown directive "client_max_body_size    " in /etc/nginx/nginx.conf:29
2018/06/28 09:47:14 [emerg] 1#0: unknown directive "client_max_body_size    " in /etc/nginx/nginx.conf:29
2018/06/28 09:52:23 [emerg] 1#0: unknown directive "client_max_body_size    " in /etc/nginx/sites-enabled/django_project:13
2018/06/28 09:52:25 [emerg] 1#0: unknown directive "client_max_body_size    " in /etc/nginx/sites-enabled/django_project:13
2018/06/28 09:52:26 [emerg] 1#0: unknown directive "client_max_body_size    " in /etc/nginx/sites-enabled/django_project:13
2018/06/28 09:52:27 [emerg] 1#0: unknown directive "client_max_body_size    " in /etc/nginx/sites-enabled/django_project:13
2018/06/28 09:52:28 [emerg] 1#0: unknown directive "client_max_body_size    " in /etc/nginx/sites-enabled/django_project:13
2018/06/28 09:52:33 [emerg] 1#0: unknown directive "client_max_body_size    " in /etc/nginx/sites-enabled/django_project:13
2018/06/28 09:52:37 [emerg] 1#0: unknown directive "client_max_body_size    " in /etc/nginx/sites-enabled/django_project:13
2018/06/28 09:52:44 [emerg] 1#0: unknown directive "client_max_body_size    " in /etc/nginx/sites-enabled/django_project:13
2018/06/28 09:52:57 [emerg] 1#0: unknown directive "client_max_body_size    " in /etc/nginx/sites-enabled/django_project:13
2018/06/28 09:53:24 [emerg] 1#0: unknown directive "client_max_body_size    " in /etc/nginx/sites-enabled/django_project:13
2018/06/28 09:57:53 [emerg] 1#0: unknown directive "client_max_body_size    " in /etc/nginx/sites-enabled/django_project:13
2018/06/28 09:58:54 [emerg] 1#0: unknown directive "client_max_body_size    " in /etc/nginx/sites-enabled/django_project:13
2018/06/28 09:59:54 [emerg] 1#0: unknown directive "client_max_body_size    " in /etc/nginx/sites-enabled/django_project:13
2018/06/28 10:00:55 [emerg] 1#0: unknown directive "client_max_body_size    " in /etc/nginx/sites-enabled/django_project:13
2018/06/28 10:02:03 [emerg] 1#0: unknown directive "client_max_body_size    " in /etc/nginx/sites-enabled/django_project:13
2018/06/28 10:03:03 [emerg] 1#0: unknown directive "client_max_body_size    " in /etc/nginx/sites-enabled/django_project:13
2018/06/28 10:04:04 [emerg] 1#0: unknown directive "client_max_body_size    " in /etc/nginx/sites-enabled/django_project:13
2018/06/28 10:05:05 [emerg] 1#0: unknown directive "client_max_body_size    " in /etc/nginx/sites-enabled/django_project:13
2018/06/28 10:06:05 [emerg] 1#0: unknown directive "client_max_body_size    " in /etc/nginx/sites-enabled/django_project:13
2018/06/28 10:07:06 [emerg] 1#0: unknown directive "client_max_body_size    " in /etc/nginx/sites-enabled/django_project:13
2018/06/28 10:08:07 [emerg] 1#0: unknown directive "client_max_body_size    " in /etc/nginx/sites-enabled/django_project:13
2018/06/28 10:09:07 [emerg] 1#0: unknown directive "client_max_body_size    " in /etc/nginx/sites-enabled/django_project:13
2018/06/28 10:10:08 [emerg] 1#0: unknown directive "client_max_body_size    " in /etc/nginx/sites-enabled/django_project:13
2018/06/28 10:11:09 [emerg] 1#0: unknown directive "client_max_body_size    " in /etc/nginx/sites-enabled/django_project:13
2018/06/28 10:12:09 [emerg] 1#0: unknown directive "client_max_body_size    " in /etc/nginx/sites-enabled/django_project:13
2018/06/28 10:13:10 [emerg] 1#0: unknown directive "client_max_body_size    " in /etc/nginx/sites-enabled/django_project:13
2018/06/28 10:14:11 [emerg] 1#0: unknown directive "client_max_body_size    " in /etc/nginx/sites-enabled/django_project:13
2018/06/28 10:15:11 [emerg] 1#0: unknown directive "client_max_body_size    " in /etc/nginx/sites-enabled/django_project:13
2018/06/28 10:16:12 [emerg] 1#0: unknown directive "client_max_body_size    " in /etc/nginx/sites-enabled/django_project:13
2018/06/28 10:17:13 [emerg] 1#0: unknown directive "client_max_body_size    " in /etc/nginx/sites-enabled/django_project:13
2018/06/28 10:18:13 [emerg] 1#0: unknown directive "client_max_body_size    " in /etc/nginx/sites-enabled/django_project:13
2018/06/28 10:19:14 [emerg] 1#0: unknown directive "client_max_body_size    " in /etc/nginx/sites-enabled/django_project:13
2018/06/28 10:20:15 [emerg] 1#0: unknown directive "client_max_body_size    " in /etc/nginx/sites-enabled/django_project:13
2018/06/28 10:21:15 [emerg] 1#0: unknown directive "client_max_body_size    " in /etc/nginx/sites-enabled/django_project:13
2018/06/28 10:22:16 [emerg] 1#0: unknown directive "client_max_body_size    " in /etc/nginx/sites-enabled/django_project:13
2018/06/28 10:23:16 [emerg] 1#0: unknown directive "client_max_body_size    " in /etc/nginx/sites-enabled/django_project:13
2018/06/28 10:24:17 [emerg] 1#0: unknown directive "client_max_body_size    " in /etc/nginx/sites-enabled/django_project:13
2018/06/28 10:25:18 [emerg] 1#0: unknown directive "client_max_body_size    " in /etc/nginx/sites-enabled/django_project:13
2018/06/28 10:26:18 [emerg] 1#0: unknown directive "client_max_body_size    " in /etc/nginx/sites-enabled/django_project:13
2018/06/28 10:27:19 [emerg] 1#0: unknown directive "client_max_body_size    " in /etc/nginx/sites-enabled/django_project:13
2018/06/28 10:28:20 [emerg] 1#0: unknown directive "client_max_body_size    " in /etc/nginx/sites-enabled/django_project:13
2018/06/28 10:29:20 [emerg] 1#0: unknown directive "client_max_body_size    " in /etc/nginx/sites-enabled/django_project:13
2018/06/28 10:30:21 [emerg] 1#0: unknown directive "client_max_body_size    " in /etc/nginx/sites-enabled/django_project:13
2018/06/28 10:31:22 [emerg] 1#0: unknown directive "client_max_body_size    " in /etc/nginx/sites-enabled/django_project:13
2018/06/28 10:32:22 [emerg] 1#0: unknown directive "client_max_body_size    " in /etc/nginx/sites-enabled/django_project:13
2018/06/28 10:33:23 [emerg] 1#0: unknown directive "client_max_body_size    " in /etc/nginx/sites-enabled/django_project:13
2018/06/28 10:34:24 [emerg] 1#0: unknown directive "client_max_body_size    " in /etc/nginx/sites-enabled/django_project:13
2018/06/28 10:35:24 [emerg] 1#0: unknown directive "client_max_body_size    " in /etc/nginx/sites-enabled/django_project:13
2018/06/28 10:36:25 [emerg] 1#0: unknown directive "client_max_body_size    " in /etc/nginx/sites-enabled/django_project:13
2018/06/28 10:37:26 [emerg] 1#0: unknown directive "client_max_body_size    " in /etc/nginx/sites-enabled/django_project:13
2018/06/28 10:38:26 [emerg] 1#0: unknown directive "client_max_body_size    " in /etc/nginx/sites-enabled/django_project:13
2018/06/28 10:39:27 [emerg] 1#0: unknown directive "client_max_body_size    " in /etc/nginx/sites-enabled/django_project:13
2018/06/28 10:40:28 [emerg] 1#0: unknown directive "client_max_body_size    " in /etc/nginx/sites-enabled/django_project:13
2018/06/28 10:41:28 [emerg] 1#0: unknown directive "client_max_body_size    " in /etc/nginx/sites-enabled/django_project:13
2018/06/28 10:42:29 [emerg] 1#0: unknown directive "client_max_body_size    " in /etc/nginx/sites-enabled/django_project:13
2018/06/28 10:43:30 [emerg] 1#0: unknown directive "client_max_body_size    " in /etc/nginx/sites-enabled/django_project:13
2018/06/28 10:44:30 [emerg] 1#0: unknown directive "client_max_body_size    " in /etc/nginx/sites-enabled/django_project:13
2018/06/28 10:45:31 [emerg] 1#0: unknown directive "client_max_body_size    " in /etc/nginx/sites-enabled/django_project:13
2018/06/28 10:46:32 [emerg] 1#0: unknown directive "client_max_body_size    " in /etc/nginx/sites-enabled/django_project:13
2018/06/28 10:47:32 [emerg] 1#0: unknown directive "client_max_body_size    " in /etc/nginx/sites-enabled/django_project:13
2018/06/28 10:48:33 [emerg] 1#0: unknown directive "client_max_body_size    " in /etc/nginx/sites-enabled/django_project:13
2018/06/28 10:49:34 [emerg] 1#0: unknown directive "client_max_body_size    " in /etc/nginx/sites-enabled/django_project:13
2018/06/28 10:50:34 [emerg] 1#0: unknown directive "client_max_body_size    " in /etc/nginx/sites-enabled/django_project:13
2018/06/28 10:51:35 [emerg] 1#0: unknown directive "client_max_body_size    " in /etc/nginx/sites-enabled/django_project:13
2018/06/28 10:52:35 [emerg] 1#0: unknown directive "client_max_body_size    " in /etc/nginx/sites-enabled/django_project:13
2018/06/28 10:53:36 [emerg] 1#0: unknown directive "client_max_body_size    " in /etc/nginx/sites-enabled/django_project:13
2018/06/28 10:54:37 [emerg] 1#0: unknown directive "client_max_body_size    " in /etc/nginx/sites-enabled/django_project:13
2018/06/28 10:55:37 [emerg] 1#0: unknown directive "client_max_body_size    " in /etc/nginx/sites-enabled/django_project:13
2018/06/28 10:56:38 [emerg] 1#0: unknown directive "client_max_body_size    " in /etc/nginx/sites-enabled/django_project:13
2018/06/28 10:57:39 [emerg] 1#0: unknown directive "client_max_body_size    " in /etc/nginx/sites-enabled/django_project:13
2018/06/28 10:58:39 [emerg] 1#0: unknown directive "client_max_body_size    " in /etc/nginx/sites-enabled/django_project:13
2018/06/28 10:59:40 [emerg] 1#0: unknown directive "client_max_body_size    " in /etc/nginx/sites-enabled/django_project:13
2018/06/28 11:00:40 [emerg] 1#0: unknown directive "client_max_body_size    " in /etc/nginx/sites-enabled/django_project:13
2018/06/28 11:01:41 [emerg] 1#0: unknown directive "client_max_body_size    " in /etc/nginx/sites-enabled/django_project:13
2018/06/28 11:02:42 [emerg] 1#0: unknown directive "client_max_body_size    " in /etc/nginx/sites-enabled/django_project:13
2018/06/28 11:03:42 [emerg] 1#0: unknown directive "client_max_body_size    " in /etc/nginx/sites-enabled/django_project:13
2018/06/28 11:04:43 [emerg] 1#0: unknown directive "client_max_body_size    " in /etc/nginx/sites-enabled/django_project:13
2018/06/28 11:05:44 [emerg] 1#0: unknown directive "client_max_body_size    " in /etc/nginx/sites-enabled/django_project:13
2018/06/28 11:06:44 [emerg] 1#0: unknown directive "client_max_body_size    " in /etc/nginx/sites-enabled/django_project:13
2018/06/28 11:07:45 [emerg] 1#0: unknown directive "client_max_body_size    " in /etc/nginx/sites-enabled/django_project:13
2018/06/28 11:08:46 [emerg] 1#0: unknown directive "client_max_body_size    " in /etc/nginx/sites-enabled/django_project:13
2018/06/28 11:09:46 [emerg] 1#0: unknown directive "client_max_body_size    " in /etc/nginx/sites-enabled/django_project:13
2018/06/28 11:10:47 [emerg] 1#0: unknown directive "client_max_body_size    " in /etc/nginx/sites-enabled/django_project:13
2018/06/28 11:11:48 [emerg] 1#0: unknown directive "client_max_body_size    " in /etc/nginx/sites-enabled/django_project:13
2018/06/28 11:12:48 [emerg] 1#0: unknown directive "client_max_body_size    " in /etc/nginx/sites-enabled/django_project:13
2018/06/28 11:13:49 [emerg] 1#0: unknown directive "client_max_body_size    " in /etc/nginx/sites-enabled/django_project:13
2018/06/28 11:14:49 [emerg] 1#0: unknown directive "client_max_body_size    " in /etc/nginx/sites-enabled/django_project:13
2018/06/28 11:15:50 [emerg] 1#0: unknown directive "client_max_body_size    " in /etc/nginx/sites-enabled/django_project:13
2018/06/28 11:16:51 [emerg] 1#0: unknown directive "client_max_body_size    " in /etc/nginx/sites-enabled/django_project:13
2018/06/28 11:17:51 [emerg] 1#0: unknown directive "client_max_body_size    " in /etc/nginx/sites-enabled/django_project:13
2018/06/28 11:18:52 [emerg] 1#0: unknown directive "client_max_body_size    " in /etc/nginx/sites-enabled/django_project:13
2018/06/28 11:19:53 [emerg] 1#0: unknown directive "client_max_body_size    " in /etc/nginx/sites-enabled/django_project:13
2018/06/28 11:20:53 [emerg] 1#0: unknown directive "client_max_body_size    " in /etc/nginx/sites-enabled/django_project:13
2018/06/28 11:21:54 [emerg] 1#0: unknown directive "client_max_body_size    " in /etc/nginx/sites-enabled/django_project:13
2018/06/28 11:22:55 [emerg] 1#0: unknown directive "client_max_body_size    " in /etc/nginx/sites-enabled/django_project:13
2018/06/28 11:23:55 [emerg] 1#0: unknown directive "client_max_body_size    " in /etc/nginx/sites-enabled/django_project:13
2018/06/28 11:24:56 [emerg] 1#0: unknown directive "client_max_body_size    " in /etc/nginx/sites-enabled/django_project:13
2018/06/28 11:25:57 [emerg] 1#0: unknown directive "client_max_body_size    " in /etc/nginx/sites-enabled/django_project:13
2018/06/28 11:26:57 [emerg] 1#0: unknown directive "client_max_body_size    " in /etc/nginx/sites-enabled/django_project:13
2018/06/28 11:27:58 [emerg] 1#0: unknown directive "client_max_body_size    " in /etc/nginx/sites-enabled/django_project:13
2018/06/28 11:28:58 [emerg] 1#0: unknown directive "client_max_body_size    " in /etc/nginx/sites-enabled/django_project:13
2018/06/28 11:29:59 [emerg] 1#0: unknown directive "client_max_body_size    " in /etc/nginx/sites-enabled/django_project:13
2018/06/28 11:31:00 [emerg] 1#0: unknown directive "client_max_body_size    " in /etc/nginx/sites-enabled/django_project:13
2018/06/28 11:32:00 [emerg] 1#0: unknown directive "client_max_body_size    " in /etc/nginx/sites-enabled/django_project:13
2018/06/28 11:33:01 [emerg] 1#0: unknown directive "client_max_body_size    " in /etc/nginx/sites-enabled/django_project:13
2018/06/28 11:34:02 [emerg] 1#0: unknown directive "client_max_body_size    " in /etc/nginx/sites-enabled/django_project:13
2018/06/28 11:35:02 [emerg] 1#0: unknown directive "client_max_body_size    " in /etc/nginx/sites-enabled/django_project:13
2018/06/28 11:36:03 [emerg] 1#0: unknown directive "client_max_body_size    " in /etc/nginx/sites-enabled/django_project:13
2018/06/28 11:37:04 [emerg] 1#0: unknown directive "client_max_body_size    " in /etc/nginx/sites-enabled/django_project:13
2018/06/28 11:38:04 [emerg] 1#0: unknown directive "client_max_body_size    " in /etc/nginx/sites-enabled/django_project:13
2018/06/28 11:39:05 [emerg] 1#0: unknown directive "client_max_body_size    " in /etc/nginx/sites-enabled/django_project:13
2018/06/28 11:40:06 [emerg] 1#0: unknown directive "client_max_body_size    " in /etc/nginx/sites-enabled/django_project:13
2018/06/28 11:41:06 [emerg] 1#0: unknown directive "client_max_body_size    " in /etc/nginx/sites-enabled/django_project:13
2018/06/28 11:42:07 [emerg] 1#0: unknown directive "client_max_body_size    " in /etc/nginx/sites-enabled/django_project:13
2018/06/28 11:43:07 [emerg] 1#0: unknown directive "client_max_body_size    " in /etc/nginx/sites-enabled/django_project:13
2018/06/28 11:44:08 [emerg] 1#0: unknown directive "client_max_body_size    " in /etc/nginx/sites-enabled/django_project:13
2018/06/28 11:45:09 [emerg] 1#0: unknown directive "client_max_body_size    " in /etc/nginx/sites-enabled/django_project:13
2018/06/28 11:46:10 [emerg] 1#0: unknown directive "client_max_body_size    " in /etc/nginx/sites-enabled/django_project:13
2018/06/28 11:47:10 [emerg] 1#0: unknown directive "client_max_body_size    " in /etc/nginx/sites-enabled/django_project:13
2018/06/28 11:48:11 [emerg] 1#0: unknown directive "client_max_body_size    " in /etc/nginx/sites-enabled/django_project:13
2018/06/28 11:49:12 [emerg] 1#0: unknown directive "client_max_body_size    " in /etc/nginx/sites-enabled/django_project:13
2018/06/28 11:50:13 [emerg] 1#0: unknown directive "client_max_body_size    " in /etc/nginx/sites-enabled/django_project:13
2018/06/28 11:51:13 [emerg] 1#0: unknown directive "client_max_body_size    " in /etc/nginx/sites-enabled/django_project:13
2018/06/28 11:52:14 [emerg] 1#0: unknown directive "client_max_body_size    " in /etc/nginx/sites-enabled/django_project:13
2018/06/28 11:53:14 [emerg] 1#0: unknown directive "client_max_body_size    " in /etc/nginx/sites-enabled/django_project:13
2018/06/28 11:54:15 [emerg] 1#0: unknown directive "client_max_body_size    " in /etc/nginx/sites-enabled/django_project:13
2018/06/28 11:55:16 [emerg] 1#0: unknown directive "client_max_body_size    " in /etc/nginx/sites-enabled/django_project:13
2018/06/28 11:56:16 [emerg] 1#0: unknown directive "client_max_body_size    " in /etc/nginx/sites-enabled/django_project:13
2018/06/28 11:57:17 [emerg] 1#0: unknown directive "client_max_body_size    " in /etc/nginx/sites-enabled/django_project:13
2018/06/28 11:58:18 [emerg] 1#0: unknown directive "client_max_body_size    " in /etc/nginx/sites-enabled/django_project:13
2018/06/28 11:59:18 [emerg] 1#0: unknown directive "client_max_body_size    " in /etc/nginx/sites-enabled/django_project:13
2018/06/28 12:00:19 [emerg] 1#0: unknown directive "client_max_body_size    " in /etc/nginx/sites-enabled/django_project:13
2018/06/28 12:01:20 [emerg] 1#0: unknown directive "client_max_body_size    " in /etc/nginx/sites-enabled/django_project:13
2018/06/28 12:02:20 [emerg] 1#0: unknown directive "client_max_body_size    " in /etc/nginx/sites-enabled/django_project:13
2018/06/28 12:03:21 [emerg] 1#0: unknown directive "client_max_body_size    " in /etc/nginx/sites-enabled/django_project:13
2018/06/28 12:04:22 [emerg] 1#0: unknown directive "client_max_body_size    " in /etc/nginx/sites-enabled/django_project:13
2018/06/28 12:05:22 [emerg] 1#0: unknown directive "client_max_body_size    " in /etc/nginx/sites-enabled/django_project:13
2018/06/28 12:06:23 [emerg] 1#0: unknown directive "client_max_body_size    " in /etc/nginx/sites-enabled/django_project:13
2018/06/28 12:07:46 [emerg] 1#0: unknown directive "client_max_body_size    " in /etc/nginx/sites-enabled/django_project:13
2018/06/28 12:08:55 [emerg] 1#0: unknown directive "client_max_body_size    " in /etc/nginx/sites-enabled/django_project:13
2018/06/28 12:09:56 [emerg] 1#0: unknown directive "client_max_body_size    " in /etc/nginx/sites-enabled/django_project:13
2018/06/28 12:11:06 [emerg] 1#0: unknown directive "client_max_body_size    " in /etc/nginx/sites-enabled/django_project:13
2018/06/28 12:12:07 [emerg] 1#0: unknown directive "client_max_body_size    " in /etc/nginx/sites-enabled/django_project:13
2018/06/28 12:13:08 [emerg] 1#0: unknown directive "client_max_body_size    " in /etc/nginx/sites-enabled/django_project:13
2018/06/28 12:14:09 [emerg] 1#0: unknown directive "client_max_body_size    " in /etc/nginx/sites-enabled/django_project:13
2018/06/28 12:15:10 [emerg] 1#0: unknown directive "client_max_body_size    " in /etc/nginx/sites-enabled/django_project:13
2018/06/28 12:16:11 [emerg] 1#0: unknown directive "client_max_body_size    " in /etc/nginx/sites-enabled/django_project:13
2018/06/28 12:17:12 [emerg] 1#0: unknown directive "client_max_body_size    " in /etc/nginx/sites-enabled/django_project:13
2018/06/28 12:18:13 [emerg] 1#0: unknown directive "client_max_body_size    " in /etc/nginx/sites-enabled/django_project:13
2018/06/28 12:19:13 [emerg] 1#0: unknown directive "client_max_body_size    " in /etc/nginx/sites-enabled/django_project:13
2018/06/28 12:20:14 [emerg] 1#0: unknown directive "client_max_body_size    " in /etc/nginx/sites-enabled/django_project:13
2018/06/28 12:21:15 [emerg] 1#0: unknown directive "client_max_body_size    " in /etc/nginx/sites-enabled/django_project:13
2018/06/28 12:22:15 [emerg] 1#0: unknown directive "client_max_body_size    " in /etc/nginx/sites-enabled/django_project:13
2018/06/28 12:23:16 [emerg] 1#0: unknown directive "client_max_body_size    " in /etc/nginx/sites-enabled/django_project:13
2018/06/28 12:24:17 [emerg] 1#0: unknown directive "client_max_body_size    " in /etc/nginx/sites-enabled/django_project:13
2018/06/28 12:25:18 [emerg] 1#0: unknown directive "client_max_body_size    " in /etc/nginx/sites-enabled/django_project:13
2018/06/28 12:26:18 [emerg] 1#0: unknown directive "client_max_body_size    " in /etc/nginx/sites-enabled/django_project:13
2018/06/28 12:27:19 [emerg] 1#0: unknown directive "client_max_body_size    " in /etc/nginx/sites-enabled/django_project:13
2018/06/28 12:28:32 [emerg] 1#0: unknown directive "client_max_body_size    " in /etc/nginx/sites-enabled/django_project:13
2018/06/28 12:29:33 [emerg] 1#0: unknown directive "client_max_body_size    " in /etc/nginx/sites-enabled/django_project:13
2018/06/28 12:30:33 [emerg] 1#0: unknown directive "client_max_body_size    " in /etc/nginx/sites-enabled/django_project:13
2018/06/28 12:31:34 [emerg] 1#0: unknown directive "client_max_body_size    " in /etc/nginx/sites-enabled/django_project:13
2018/06/28 12:32:34 [emerg] 1#0: unknown directive "client_max_body_size    " in /etc/nginx/sites-enabled/django_project:13
2018/06/28 12:33:35 [emerg] 1#0: unknown directive "client_max_body_size    " in /etc/nginx/sites-enabled/django_project:13
2018/06/28 12:34:36 [emerg] 1#0: unknown directive "client_max_body_size    " in /etc/nginx/sites-enabled/django_project:13
2018/06/28 12:35:36 [emerg] 1#0: unknown directive "client_max_body_size    " in /etc/nginx/sites-enabled/django_project:13
2018/06/28 12:36:37 [emerg] 1#0: unknown directive "client_max_body_size    " in /etc/nginx/sites-enabled/django_project:13
2018/06/28 12:37:38 [emerg] 1#0: unknown directive "client_max_body_size    " in /etc/nginx/sites-enabled/django_project:13
2018/06/28 12:38:39 [emerg] 1#0: unknown directive "client_max_body_size    " in /etc/nginx/sites-enabled/django_project:13
2018/06/28 12:39:39 [emerg] 1#0: unknown directive "client_max_body_size    " in /etc/nginx/sites-enabled/django_project:13
2018/06/29 00:55:43 [emerg] 1#0: unknown directive "client_max_body_size    " in /etc/nginx/sites-enabled/django_project:13
2018/06/29 00:56:44 [emerg] 1#0: unknown directive "client_max_body_size    " in /etc/nginx/sites-enabled/django_project:13
2018/06/29 00:57:44 [emerg] 1#0: unknown directive "client_max_body_size    " in /etc/nginx/sites-enabled/django_project:13
2018/06/29 00:58:45 [emerg] 1#0: unknown directive "client_max_body_size    " in /etc/nginx/sites-enabled/django_project:13
2018/06/29 00:59:46 [emerg] 1#0: unknown directive "client_max_body_size    " in /etc/nginx/sites-enabled/django_project:13
2018/06/29 01:00:46 [emerg] 1#0: unknown directive "client_max_body_size    " in /etc/nginx/sites-enabled/django_project:13
2018/06/29 01:01:47 [emerg] 1#0: unknown directive "client_max_body_size    " in /etc/nginx/sites-enabled/django_project:13
2018/06/29 01:02:47 [emerg] 1#0: unknown directive "client_max_body_size    " in /etc/nginx/sites-enabled/django_project:13
2018/06/29 01:03:48 [emerg] 1#0: unknown directive "client_max_body_size    " in /etc/nginx/sites-enabled/django_project:13
2018/06/29 01:04:49 [emerg] 1#0: unknown directive "client_max_body_size    " in /etc/nginx/sites-enabled/django_project:13
2018/06/29 01:05:49 [emerg] 1#0: unknown directive "client_max_body_size    " in /etc/nginx/sites-enabled/django_project:13
2018/06/29 01:06:50 [emerg] 1#0: unknown directive "client_max_body_size    " in /etc/nginx/sites-enabled/django_project:13
2018/06/29 01:07:51 [emerg] 1#0: unknown directive "client_max_body_size    " in /etc/nginx/sites-enabled/django_project:13
2018/06/29 01:08:51 [emerg] 1#0: unknown directive "client_max_body_size    " in /etc/nginx/sites-enabled/django_project:13
2018/06/29 01:09:52 [emerg] 1#0: unknown directive "client_max_body_size    " in /etc/nginx/sites-enabled/django_project:13
2018/06/29 01:10:53 [emerg] 1#0: unknown directive "client_max_body_size    " in /etc/nginx/sites-enabled/django_project:13
2018/06/29 01:11:53 [emerg] 1#0: unknown directive "client_max_body_size    " in /etc/nginx/sites-enabled/django_project:13
2018/06/29 01:12:54 [emerg] 1#0: unknown directive "client_max_body_size    " in /etc/nginx/sites-enabled/django_project:13
2018/06/29 01:13:55 [emerg] 1#0: unknown directive "client_max_body_size    " in /etc/nginx/sites-enabled/django_project:13
2018/06/29 01:14:55 [emerg] 1#0: unknown directive "client_max_body_size    " in /etc/nginx/sites-enabled/django_project:13
2018/06/29 01:15:56 [emerg] 1#0: unknown directive "client_max_body_size    " in /etc/nginx/sites-enabled/django_project:13
2018/06/29 01:16:57 [emerg] 1#0: unknown directive "client_max_body_size    " in /etc/nginx/sites-enabled/django_project:13
2018/06/29 01:17:57 [emerg] 1#0: unknown directive "client_max_body_size    " in /etc/nginx/sites-enabled/django_project:13
2018/06/29 01:18:58 [emerg] 1#0: unknown directive "client_max_body_size    " in /etc/nginx/sites-enabled/django_project:13
2018/06/29 01:19:58 [emerg] 1#0: unknown directive "client_max_body_size    " in /etc/nginx/sites-enabled/django_project:13
2018/06/29 01:20:59 [emerg] 1#0: unknown directive "client_max_body_size    " in /etc/nginx/sites-enabled/django_project:13
2018/06/29 01:22:00 [emerg] 1#0: unknown directive "client_max_body_size    " in /etc/nginx/sites-enabled/django_project:13
2018/06/29 01:23:00 [emerg] 1#0: unknown directive "client_max_body_size    " in /etc/nginx/sites-enabled/django_project:13
2018/06/29 01:24:01 [emerg] 1#0: unknown directive "client_max_body_size    " in /etc/nginx/sites-enabled/django_project:13
2018/06/29 01:25:02 [emerg] 1#0: unknown directive "client_max_body_size    " in /etc/nginx/sites-enabled/django_project:13
2018/06/29 01:26:02 [emerg] 1#0: unknown directive "client_max_body_size    " in /etc/nginx/sites-enabled/django_project:13
2018/06/29 01:27:03 [emerg] 1#0: unknown directive "client_max_body_size    " in /etc/nginx/sites-enabled/django_project:13
2018/06/29 01:28:03 [emerg] 1#0: unknown directive "client_max_body_size    " in /etc/nginx/sites-enabled/django_project:13
2018/06/29 01:29:04 [emerg] 1#0: unknown directive "client_max_body_size    " in /etc/nginx/sites-enabled/django_project:13
2018/06/29 01:30:05 [emerg] 1#0: unknown directive "client_max_body_size    " in /etc/nginx/sites-enabled/django_project:13
2018/06/29 01:31:05 [emerg] 1#0: unknown directive "client_max_body_size    " in /etc/nginx/sites-enabled/django_project:13
2018/06/29 01:32:06 [emerg] 1#0: unknown directive "client_max_body_size    " in /etc/nginx/sites-enabled/django_project:13
2018/06/29 01:33:07 [emerg] 1#0: unknown directive "client_max_body_size    " in /etc/nginx/sites-enabled/django_project:13
2018/06/29 01:34:07 [emerg] 1#0: unknown directive "client_max_body_size    " in /etc/nginx/sites-enabled/django_project:13
2018/06/29 01:35:08 [emerg] 1#0: unknown directive "client_max_body_size    " in /etc/nginx/sites-enabled/django_project:13
2018/06/29 01:36:08 [emerg] 1#0: unknown directive "client_max_body_size    " in /etc/nginx/sites-enabled/django_project:13
2018/06/29 01:37:09 [emerg] 1#0: unknown directive "client_max_body_size    " in /etc/nginx/sites-enabled/django_project:13
2018/06/29 01:38:10 [emerg] 1#0: unknown directive "client_max_body_size    " in /etc/nginx/sites-enabled/django_project:13
2018/06/29 01:39:10 [emerg] 1#0: unknown directive "client_max_body_size    " in /etc/nginx/sites-enabled/django_project:13
2018/06/29 01:40:11 [emerg] 1#0: unknown directive "client_max_body_size    " in /etc/nginx/sites-enabled/django_project:13
2018/06/29 01:41:12 [emerg] 1#0: unknown directive "client_max_body_size    " in /etc/nginx/sites-enabled/django_project:13
2018/06/29 01:42:12 [emerg] 1#0: unknown directive "client_max_body_size    " in /etc/nginx/sites-enabled/django_project:13
2018/06/29 01:43:13 [emerg] 1#0: unknown directive "client_max_body_size    " in /etc/nginx/sites-enabled/django_project:13
2018/06/29 01:44:14 [emerg] 1#0: unknown directive "client_max_body_size    " in /etc/nginx/sites-enabled/django_project:13
2018/06/29 01:45:14 [emerg] 1#0: unknown directive "client_max_body_size    " in /etc/nginx/sites-enabled/django_project:13
2018/06/29 01:46:15 [emerg] 1#0: unknown directive "client_max_body_size    " in /etc/nginx/sites-enabled/django_project:13
2018/06/29 01:47:15 [emerg] 1#0: unknown directive "client_max_body_size    " in /etc/nginx/sites-enabled/django_project:13
2018/06/29 01:48:16 [emerg] 1#0: unknown directive "client_max_body_size    " in /etc/nginx/sites-enabled/django_project:13
2018/06/29 01:49:17 [emerg] 1#0: unknown directive "client_max_body_size    " in /etc/nginx/sites-enabled/django_project:13
2018/06/29 01:50:17 [emerg] 1#0: unknown directive "client_max_body_size    " in /etc/nginx/sites-enabled/django_project:13
2018/06/29 01:51:18 [emerg] 1#0: unknown directive "client_max_body_size    " in /etc/nginx/sites-enabled/django_project:13
2018/06/29 01:52:19 [emerg] 1#0: unknown directive "client_max_body_size    " in /etc/nginx/sites-enabled/django_project:13
2018/06/29 01:53:19 [emerg] 1#0: unknown directive "client_max_body_size    " in /etc/nginx/sites-enabled/django_project:13
2018/06/29 01:54:20 [emerg] 1#0: unknown directive "client_max_body_size    " in /etc/nginx/sites-enabled/django_project:13
2018/06/29 01:55:21 [emerg] 1#0: unknown directive "client_max_body_size    " in /etc/nginx/sites-enabled/django_project:13
2018/06/29 01:56:21 [emerg] 1#0: unknown directive "client_max_body_size    " in /etc/nginx/sites-enabled/django_project:13
2018/06/29 01:57:22 [emerg] 1#0: unknown directive "client_max_body_size    " in /etc/nginx/sites-enabled/django_project:13
2018/06/29 01:58:22 [emerg] 1#0: unknown directive "client_max_body_size    " in /etc/nginx/sites-enabled/django_project:13
2018/06/29 01:59:23 [emerg] 1#0: unknown directive "client_max_body_size    " in /etc/nginx/sites-enabled/django_project:13
2018/06/29 02:00:24 [emerg] 1#0: unknown directive "client_max_body_size    " in /etc/nginx/sites-enabled/django_project:13
2018/06/29 02:01:25 [emerg] 1#0: unknown directive "client_max_body_size    " in /etc/nginx/sites-enabled/django_project:13
2018/06/29 02:02:26 [emerg] 1#0: unknown directive "client_max_body_size    " in /etc/nginx/sites-enabled/django_project:13
2018/06/29 02:03:26 [emerg] 1#0: unknown directive "client_max_body_size    " in /etc/nginx/sites-enabled/django_project:13
2018/06/29 02:04:27 [emerg] 1#0: unknown directive "client_max_body_size    " in /etc/nginx/sites-enabled/django_project:13
2018/06/29 02:05:28 [emerg] 1#0: unknown directive "client_max_body_size    " in /etc/nginx/sites-enabled/django_project:13
2018/06/29 02:06:28 [emerg] 1#0: unknown directive "client_max_body_size    " in /etc/nginx/sites-enabled/django_project:13
2018/06/29 02:07:29 [emerg] 1#0: unknown directive "client_max_body_size    " in /etc/nginx/sites-enabled/django_project:13
2018/06/29 02:08:29 [emerg] 1#0: unknown directive "client_max_body_size    " in /etc/nginx/sites-enabled/django_project:13
2018/06/29 02:09:30 [emerg] 1#0: unknown directive "client_max_body_size    " in /etc/nginx/sites-enabled/django_project:13
2018/06/29 02:10:31 [emerg] 1#0: unknown directive "client_max_body_size    " in /etc/nginx/sites-enabled/django_project:13
2018/06/29 02:11:33 [emerg] 1#0: unknown directive "client_max_body_size    " in /etc/nginx/sites-enabled/django_project:13
2018/06/29 02:12:34 [emerg] 1#0: unknown directive "client_max_body_size    " in /etc/nginx/sites-enabled/django_project:13
2018/06/29 02:13:35 [emerg] 1#0: unknown directive "client_max_body_size    " in /etc/nginx/sites-enabled/django_project:13
2018/06/29 02:14:36 [emerg] 1#0: unknown directive "client_max_body_size    " in /etc/nginx/sites-enabled/django_project:13
2018/06/29 02:15:37 [emerg] 1#0: unknown directive "client_max_body_size    " in /etc/nginx/sites-enabled/django_project:13
2018/06/29 02:16:38 [emerg] 1#0: unknown directive "client_max_body_size    " in /etc/nginx/sites-enabled/django_project:13
2018/06/29 02:17:39 [emerg] 1#0: unknown directive "client_max_body_size    " in /etc/nginx/sites-enabled/django_project:13
2018/06/29 02:18:40 [emerg] 1#0: unknown directive "client_max_body_size    " in /etc/nginx/sites-enabled/django_project:13
2018/06/29 02:19:42 [emerg] 1#0: unknown directive "client_max_body_size    " in /etc/nginx/sites-enabled/django_project:13
2018/06/29 02:20:43 [emerg] 1#0: unknown directive "client_max_body_size    " in /etc/nginx/sites-enabled/django_project:13
2018/06/29 02:21:44 [emerg] 1#0: unknown directive "client_max_body_size    " in /etc/nginx/sites-enabled/django_project:13
2018/06/29 02:22:45 [emerg] 1#0: unknown directive "client_max_body_size    " in /etc/nginx/sites-enabled/django_project:13
2018/06/29 02:23:46 [emerg] 1#0: unknown directive "client_max_body_size    " in /etc/nginx/sites-enabled/django_project:13
2018/06/29 02:24:46 [emerg] 1#0: unknown directive "client_max_body_size    " in /etc/nginx/sites-enabled/django_project:13
2018/06/29 02:25:47 [emerg] 1#0: unknown directive "client_max_body_size    " in /etc/nginx/sites-enabled/django_project:13
2018/06/29 02:26:47 [emerg] 1#0: unknown directive "client_max_body_size    " in /etc/nginx/sites-enabled/django_project:13
2018/06/29 02:27:48 [emerg] 1#0: unknown directive "client_max_body_size    " in /etc/nginx/sites-enabled/django_project:13
2018/06/29 02:28:49 [emerg] 1#0: unknown directive "client_max_body_size    " in /etc/nginx/sites-enabled/django_project:13
2018/06/29 02:29:49 [emerg] 1#0: unknown directive "client_max_body_size    " in /etc/nginx/sites-enabled/django_project:13
2018/06/29 02:30:50 [emerg] 1#0: unknown directive "client_max_body_size    " in /etc/nginx/sites-enabled/django_project:13
2018/06/29 02:31:51 [emerg] 1#0: unknown directive "client_max_body_size    " in /etc/nginx/sites-enabled/django_project:13
2018/06/29 02:32:52 [emerg] 1#0: unknown directive "client_max_body_size    " in /etc/nginx/sites-enabled/django_project:13
2018/06/29 02:33:52 [emerg] 1#0: unknown directive "client_max_body_size    " in /etc/nginx/sites-enabled/django_project:13
2018/06/29 02:34:53 [emerg] 1#0: unknown directive "client_max_body_size    " in /etc/nginx/sites-enabled/django_project:13
2018/06/29 02:35:54 [emerg] 1#0: unknown directive "client_max_body_size    " in /etc/nginx/sites-enabled/django_project:13
2018/06/29 02:36:54 [emerg] 1#0: unknown directive "client_max_body_size    " in /etc/nginx/sites-enabled/django_project:13
2018/06/29 02:37:55 [emerg] 1#0: unknown directive "client_max_body_size    " in /etc/nginx/sites-enabled/django_project:13
2018/06/29 02:38:56 [emerg] 1#0: unknown directive "client_max_body_size    " in /etc/nginx/sites-enabled/django_project:13
2018/06/29 02:43:49 [emerg] 1#0: unknown directive "//文件大小限制，默认1m" in /etc/nginx/sites-enabled/django_project:14
2018/06/29 02:43:50 [emerg] 1#0: unknown directive "//文件大小限制，默认1m" in /etc/nginx/sites-enabled/django_project:14
2018/06/29 02:43:51 [emerg] 1#0: unknown directive "//文件大小限制，默认1m" in /etc/nginx/sites-enabled/django_project:14
2018/06/29 02:43:52 [emerg] 1#0: unknown directive "//文件大小限制，默认1m" in /etc/nginx/sites-enabled/django_project:14
2018/06/29 02:43:54 [emerg] 1#0: unknown directive "//文件大小限制，默认1m" in /etc/nginx/sites-enabled/django_project:14
2018/06/29 02:43:56 [emerg] 1#0: unknown directive "//文件大小限制，默认1m" in /etc/nginx/sites-enabled/django_project:14
2018/06/29 02:44:00 [emerg] 1#0: unknown directive "//文件大小限制，默认1m" in /etc/nginx/sites-enabled/django_project:14
2018/06/29 02:44:07 [emerg] 1#0: unknown directive "//文件大小限制，默认1m" in /etc/nginx/sites-enabled/django_project:14
2018/06/29 02:46:53 [emerg] 1#0: "client_header_timeout" directive is not allowed here in /etc/nginx/sites-enabled/django_project:14
2018/06/29 02:46:54 [emerg] 1#0: "client_header_timeout" directive is not allowed here in /etc/nginx/sites-enabled/django_project:14
2018/06/29 02:46:55 [emerg] 1#0: "client_header_timeout" directive is not allowed here in /etc/nginx/sites-enabled/django_project:14
2018/06/29 02:46:59 [emerg] 1#0: "client_header_timeout" directive is not allowed here in /etc/nginx/sites-enabled/django_project:14
2018/06/29 02:47:01 [emerg] 1#0: "client_header_timeout" directive is not allowed here in /etc/nginx/sites-enabled/django_project:14
2018/06/29 02:47:03 [emerg] 1#0: "client_header_timeout" directive is not allowed here in /etc/nginx/sites-enabled/django_project:14
2018/06/29 02:47:07 [emerg] 1#0: "client_header_timeout" directive is not allowed here in /etc/nginx/sites-enabled/django_project:14
2018/06/29 10:03:16 [emerg] 1#0: host not found in upstream "web" in /etc/nginx/sites-enabled/django_project:8
2018/06/29 10:03:19 [emerg] 1#0: host not found in upstream "web" in /etc/nginx/sites-enabled/django_project:8
2018/06/29 10:03:20 [emerg] 1#0: host not found in upstream "web" in /etc/nginx/sites-enabled/django_project:8
2018/06/29 10:03:21 [emerg] 1#0: host not found in upstream "web" in /etc/nginx/sites-enabled/django_project:8
